{
  "numTotalTestSuites": 8,
  "numPassedTestSuites": 8,
  "numFailedTestSuites": 0,
  "numPendingTestSuites": 0,
  "numTotalTests": 13,
  "numPassedTests": 13,
  "numFailedTests": 0,
  "numPendingTests": 0,
  "numTodoTests": 0,
  "snapshot": {
    "added": 0,
    "failure": false,
    "filesAdded": 0,
    "filesRemoved": 0,
    "filesRemovedList": [],
    "filesUnmatched": 0,
    "filesUpdated": 0,
    "matched": 0,
    "total": 0,
    "unchecked": 0,
    "uncheckedKeysByFile": [],
    "unmatched": 0,
    "updated": 0,
    "didUpdate": false
  },
  "startTime": 1781227554115,
  "success": true,
  "testResults": [
    {
      "assertionResults": [
        {
          "ancestorTitles": ["runAgentLoop", "routing — skipWorker=true"],
          "fullName": "runAgentLoop routing — skipWorker=true makes exactly 2 SDK calls: router then presenter",
          "status": "passed",
          "title": "makes exactly 2 SDK calls: router then presenter",
          "duration": 1.7319999999999993,
          "failureMessages": [],
          "meta": {},
          "tags": []
        },
        {
          "ancestorTitles": ["runAgentLoop", "routing — skipWorker=true"],
          "fullName": "runAgentLoop routing — skipWorker=true returns the FE tool call from the presenter",
          "status": "passed",
          "title": "returns the FE tool call from the presenter",
          "duration": 1.1617999999999995,
          "failureMessages": [],
          "meta": {},
          "tags": []
        },
        {
          "ancestorTitles": ["runAgentLoop", "routing — skipWorker=true"],
          "fullName": "runAgentLoop routing — skipWorker=true returns a non-empty messages array",
          "status": "passed",
          "title": "returns a non-empty messages array",
          "duration": 0.1530999999999949,
          "failureMessages": [],
          "meta": {},
          "tags": []
        },
        {
          "ancestorTitles": ["runAgentLoop", "routing — skipWorker=false"],
          "fullName": "runAgentLoop routing — skipWorker=false makes exactly 3 SDK calls: router, worker, presenter",
          "status": "passed",
          "title": "makes exactly 3 SDK calls: router, worker, presenter",
          "duration": 0.23490000000001032,
          "failureMessages": [],
          "meta": {},
          "tags": []
        },
        {
          "ancestorTitles": ["runAgentLoop", "routing — skipWorker=false"],
          "fullName": "runAgentLoop routing — skipWorker=false returns the correct FE tool from presenter",
          "status": "passed",
          "title": "returns the correct FE tool from presenter",
          "duration": 0.21009999999998286,
          "failureMessages": [],
          "meta": {},
          "tags": []
        },
        {
          "ancestorTitles": ["runAgentLoop", "routing — skipWorker=false"],
          "fullName": "runAgentLoop routing — skipWorker=false sends a message list ending in a synthetic user handoff to the presenter (Anthropic rejects assistant-ending input)",
          "status": "passed",
          "title": "sends a message list ending in a synthetic user handoff to the presenter (Anthropic rejects assistant-ending input)",
          "duration": 0.23099999999999454,
          "failureMessages": [],
          "meta": {},
          "tags": []
        },
        {
          "ancestorTitles": ["runAgentLoop", "worker loop cap"],
          "fullName": "runAgentLoop worker loop cap throws after 10 iterations with \"exceeded maximum iterations\"",
          "status": "passed",
          "title": "throws after 10 iterations with \"exceeded maximum iterations\"",
          "duration": 1.0578000000000145,
          "failureMessages": [],
          "meta": {},
          "tags": []
        },
        {
          "ancestorTitles": ["runAgentLoop", "worker loop cap"],
          "fullName": "runAgentLoop worker loop cap makes 11 total SDK calls when loop cap triggers (1 router + 10 worker)",
          "status": "passed",
          "title": "makes 11 total SDK calls when loop cap triggers (1 router + 10 worker)",
          "duration": 0.26370000000000005,
          "failureMessages": [],
          "meta": {},
          "tags": []
        },
        {
          "ancestorTitles": ["runAgentLoop", "MCP execution — stub DB tools"],
          "fullName": "runAgentLoop MCP execution — stub DB tools includes stub tool_result in messages passed to subsequent worker call",
          "status": "passed",
          "title": "includes stub tool_result in messages passed to subsequent worker call",
          "duration": 0.2600000000000193,
          "failureMessages": [],
          "meta": {},
          "tags": []
        },
        {
          "ancestorTitles": ["runAgentLoop", "MCP execution — USDA"],
          "fullName": "runAgentLoop MCP execution — USDA calls fetch with USDA API URL when API key is set",
          "status": "passed",
          "title": "calls fetch with USDA API URL when API key is set",
          "duration": 0.6173000000000002,
          "failureMessages": [],
          "meta": {},
          "tags": []
        },
        {
          "ancestorTitles": ["runAgentLoop", "MCP execution — USDA"],
          "fullName": "runAgentLoop MCP execution — USDA returns USDA_API_KEY-not-set note in tool_result when key is absent",
          "status": "passed",
          "title": "returns USDA_API_KEY-not-set note in tool_result when key is absent",
          "duration": 0.21530000000001337,
          "failureMessages": [],
          "meta": {},
          "tags": []
        },
        {
          "ancestorTitles": ["runAgentLoop", "MCP execution — USDA"],
          "fullName": "runAgentLoop MCP execution — USDA sanitizes non-ASCII characters from USDA food names",
          "status": "passed",
          "title": "sanitizes non-ASCII characters from USDA food names",
          "duration": 0.34659999999999513,
          "failureMessages": [],
          "meta": {},
          "tags": []
        },
        {
          "ancestorTitles": ["runAgentLoop", "presenter errors"],
          "fullName": "runAgentLoop presenter errors throws when presenter returns no tool_use blocks",
          "status": "passed",
          "title": "throws when presenter returns no tool_use blocks",
          "duration": 0.20479999999997744,
          "failureMessages": [],
          "meta": {},
          "tags": []
        }
      ],
      "startTime": 1781227554366,
      "endTime": 1781227554373.3467,
      "status": "passed",
      "message": "",
      "name": "C:/Users/Nitiw/Projects/health_manager/backend/src/features/agent/__tests__/agent.service.test.ts"
    }
  ]
}
