{
  "numTotalTestSuites": 68,
  "numPassedTestSuites": 68,
  "numFailedTestSuites": 0,
  "numPendingTestSuites": 0,
  "numTotalTests": 192,
  "numPassedTests": 192,
  "numFailedTests": 0,
  "numPendingTests": 0,
  "numTodoTests": 0,
  "snapshot": {
    "added": 0,
    "failure": false,
    "filesAdded": 0,
    "filesRemoved": 0,
    "filesRemovedList": [],
    "filesUnmatched": 0,
    "filesUpdated": 0,
    "matched": 0,
    "total": 0,
    "unchecked": 0,
    "uncheckedKeysByFile": [],
    "unmatched": 0,
    "updated": 0,
    "didUpdate": false
  },
  "startTime": 1781821413544,
  "success": true,
  "testResults": [
    {
      "assertionResults": [
        {
          "ancestorTitles": ["errorHandler"],
          "fullName": "errorHandler uses AppError.status as HTTP status code",
          "status": "passed",
          "title": "uses AppError.status as HTTP status code",
          "duration": 1.882300000000015,
          "failureMessages": [],
          "meta": {},
          "tags": []
        },
        {
          "ancestorTitles": ["errorHandler"],
          "fullName": "errorHandler defaults to 500 when no status is set",
          "status": "passed",
          "title": "defaults to 500 when no status is set",
          "duration": 0.252900000000011,
          "failureMessages": [],
          "meta": {},
          "tags": []
        },
        {
          "ancestorTitles": ["errorHandler"],
          "fullName": "errorHandler includes the error message in the response body",
          "status": "passed",
          "title": "includes the error message in the response body",
          "duration": 0.9057999999999993,
          "failureMessages": [],
          "meta": {},
          "tags": []
        },
        {
          "ancestorTitles": ["errorHandler"],
          "fullName": "errorHandler sets data to null in the response body",
          "status": "passed",
          "title": "sets data to null in the response body",
          "duration": 0.2802000000000078,
          "failureMessages": [],
          "meta": {},
          "tags": []
        },
        {
          "ancestorTitles": ["errorHandler"],
          "fullName": "errorHandler includes stack trace in error field when NODE_ENV=development",
          "status": "passed",
          "title": "includes stack trace in error field when NODE_ENV=development",
          "duration": 3.6170000000000186,
          "failureMessages": [],
          "meta": {},
          "tags": []
        },
        {
          "ancestorTitles": ["errorHandler"],
          "fullName": "errorHandler sets error field to null when NODE_ENV=production",
          "status": "passed",
          "title": "sets error field to null when NODE_ENV=production",
          "duration": 0.231899999999996,
          "failureMessages": [],
          "meta": {},
          "tags": []
        },
        {
          "ancestorTitles": ["errorHandler"],
          "fullName": "errorHandler sets error field to null when NODE_ENV is unset",
          "status": "passed",
          "title": "sets error field to null when NODE_ENV is unset",
          "duration": 0.1244000000000085,
          "failureMessages": [],
          "meta": {},
          "tags": []
        }
      ],
      "startTime": 1781821413852,
      "endTime": 1781821413859.232,
      "status": "passed",
      "message": "",
      "name": "C:/Users/Nitiw/Projects/health_manager/backend/src/shared/__tests__/errorHandler.test.ts"
    },
    {
      "assertionResults": [
        {
          "ancestorTitles": ["POST /api/v1/auth/register"],
          "fullName": "POST /api/v1/auth/register returns 200 with accessToken and user on valid body",
          "status": "passed",
          "title": "returns 200 with accessToken and user on valid body",
          "duration": 20.67089999999996,
          "failureMessages": [],
          "meta": {},
          "tags": []
        },
        {
          "ancestorTitles": ["POST /api/v1/auth/register"],
          "fullName": "POST /api/v1/auth/register sets refreshToken httpOnly cookie on success",
          "status": "passed",
          "title": "sets refreshToken httpOnly cookie on success",
          "duration": 2.8793000000000006,
          "failureMessages": [],
          "meta": {},
          "tags": []
        },
        {
          "ancestorTitles": ["POST /api/v1/auth/register"],
          "fullName": "POST /api/v1/auth/register accepts optional name field",
          "status": "passed",
          "title": "accepts optional name field",
          "duration": 2.2531999999999925,
          "failureMessages": [],
          "meta": {},
          "tags": []
        },
        {
          "ancestorTitles": ["POST /api/v1/auth/register"],
          "fullName": "POST /api/v1/auth/register returns 400 when email is missing",
          "status": "passed",
          "title": "returns 400 when email is missing",
          "duration": 2.691599999999994,
          "failureMessages": [],
          "meta": {},
          "tags": []
        },
        {
          "ancestorTitles": ["POST /api/v1/auth/register"],
          "fullName": "POST /api/v1/auth/register returns 400 when email is invalid",
          "status": "passed",
          "title": "returns 400 when email is invalid",
          "duration": 4.274900000000002,
          "failureMessages": [],
          "meta": {},
          "tags": []
        },
        {
          "ancestorTitles": ["POST /api/v1/auth/register"],
          "fullName": "POST /api/v1/auth/register returns 400 when password is missing",
          "status": "passed",
          "title": "returns 400 when password is missing",
          "duration": 2.4827999999999975,
          "failureMessages": [],
          "meta": {},
          "tags": []
        },
        {
          "ancestorTitles": ["POST /api/v1/auth/register"],
          "fullName": "POST /api/v1/auth/register returns 400 when password is shorter than 8 characters",
          "status": "passed",
          "title": "returns 400 when password is shorter than 8 characters",
          "duration": 2.2346999999999753,
          "failureMessages": [],
          "meta": {},
          "tags": []
        },
        {
          "ancestorTitles": ["POST /api/v1/auth/register"],
          "fullName": "POST /api/v1/auth/register returns 500 when service throws",
          "status": "passed",
          "title": "returns 500 when service throws",
          "duration": 2.4400999999999726,
          "failureMessages": [],
          "meta": {},
          "tags": []
        },
        {
          "ancestorTitles": ["POST /api/v1/auth/login"],
          "fullName": "POST /api/v1/auth/login returns 200 with accessToken and user on valid body",
          "status": "passed",
          "title": "returns 200 with accessToken and user on valid body",
          "duration": 2.636700000000019,
          "failureMessages": [],
          "meta": {},
          "tags": []
        },
        {
          "ancestorTitles": ["POST /api/v1/auth/login"],
          "fullName": "POST /api/v1/auth/login sets refreshToken httpOnly cookie on success",
          "status": "passed",
          "title": "sets refreshToken httpOnly cookie on success",
          "duration": 2.24369999999999,
          "failureMessages": [],
          "meta": {},
          "tags": []
        },
        {
          "ancestorTitles": ["POST /api/v1/auth/login"],
          "fullName": "POST /api/v1/auth/login returns 400 when email is missing",
          "status": "passed",
          "title": "returns 400 when email is missing",
          "duration": 1.8751000000000317,
          "failureMessages": [],
          "meta": {},
          "tags": []
        },
        {
          "ancestorTitles": ["POST /api/v1/auth/login"],
          "fullName": "POST /api/v1/auth/login returns 400 when email is invalid",
          "status": "passed",
          "title": "returns 400 when email is invalid",
          "duration": 1.8840000000000146,
          "failureMessages": [],
          "meta": {},
          "tags": []
        },
        {
          "ancestorTitles": ["POST /api/v1/auth/login"],
          "fullName": "POST /api/v1/auth/login returns 400 when password is missing",
          "status": "passed",
          "title": "returns 400 when password is missing",
          "duration": 1.7384999999999309,
          "failureMessages": [],
          "meta": {},
          "tags": []
        },
        {
          "ancestorTitles": ["POST /api/v1/auth/login"],
          "fullName": "POST /api/v1/auth/login returns 500 when service throws",
          "status": "passed",
          "title": "returns 500 when service throws",
          "duration": 1.786299999999983,
          "failureMessages": [],
          "meta": {},
          "tags": []
        },
        {
          "ancestorTitles": ["POST /api/v1/auth/refresh"],
          "fullName": "POST /api/v1/auth/refresh returns 200 with new accessToken when valid cookie present",
          "status": "passed",
          "title": "returns 200 with new accessToken when valid cookie present",
          "duration": 3.640199999999936,
          "failureMessages": [],
          "meta": {},
          "tags": []
        },
        {
          "ancestorTitles": ["POST /api/v1/auth/refresh"],
          "fullName": "POST /api/v1/auth/refresh rotates the refreshToken cookie on success",
          "status": "passed",
          "title": "rotates the refreshToken cookie on success",
          "duration": 1.693899999999985,
          "failureMessages": [],
          "meta": {},
          "tags": []
        },
        {
          "ancestorTitles": ["POST /api/v1/auth/refresh"],
          "fullName": "POST /api/v1/auth/refresh returns 401 when refreshToken cookie is absent",
          "status": "passed",
          "title": "returns 401 when refreshToken cookie is absent",
          "duration": 1.4212999999999738,
          "failureMessages": [],
          "meta": {},
          "tags": []
        },
        {
          "ancestorTitles": ["POST /api/v1/auth/refresh"],
          "fullName": "POST /api/v1/auth/refresh returns 500 when service throws",
          "status": "passed",
          "title": "returns 500 when service throws",
          "duration": 1.4757000000000744,
          "failureMessages": [],
          "meta": {},
          "tags": []
        },
        {
          "ancestorTitles": ["POST /api/v1/auth/logout"],
          "fullName": "POST /api/v1/auth/logout returns 200 and clears the refreshToken cookie",
          "status": "passed",
          "title": "returns 200 and clears the refreshToken cookie",
          "duration": 1.689200000000028,
          "failureMessages": [],
          "meta": {},
          "tags": []
        }
      ],
      "startTime": 1781821414053,
      "endTime": 1781821414115.6892,
      "status": "passed",
      "message": "",
      "name": "C:/Users/Nitiw/Projects/health_manager/backend/src/features/auth/__tests__/auth.controller.test.ts"
    },
    {
      "assertionResults": [
        {
          "ancestorTitles": ["GET /api/v1/dashboard", "valid requests"],
          "fullName": "GET /api/v1/dashboard valid requests returns 200 with the dashboard rollup when no date is provided",
          "status": "passed",
          "title": "returns 200 with the dashboard rollup when no date is provided",
          "duration": 13.406799999999976,
          "failureMessages": [],
          "meta": {},
          "tags": []
        },
        {
          "ancestorTitles": ["GET /api/v1/dashboard", "valid requests"],
          "fullName": "GET /api/v1/dashboard valid requests calls getDashboard with the authenticated user id and no date when omitted",
          "status": "passed",
          "title": "calls getDashboard with the authenticated user id and no date when omitted",
          "duration": 3.6601,
          "failureMessages": [],
          "meta": {},
          "tags": []
        },
        {
          "ancestorTitles": ["GET /api/v1/dashboard", "valid requests"],
          "fullName": "GET /api/v1/dashboard valid requests returns 200 when a valid date is provided",
          "status": "passed",
          "title": "returns 200 when a valid date is provided",
          "duration": 2.4350000000000023,
          "failureMessages": [],
          "meta": {},
          "tags": []
        },
        {
          "ancestorTitles": ["GET /api/v1/dashboard", "valid requests"],
          "fullName": "GET /api/v1/dashboard valid requests calls getDashboard with the parsed date when provided",
          "status": "passed",
          "title": "calls getDashboard with the parsed date when provided",
          "duration": 2.38130000000001,
          "failureMessages": [],
          "meta": {},
          "tags": []
        },
        {
          "ancestorTitles": ["GET /api/v1/dashboard", "validation failures"],
          "fullName": "GET /api/v1/dashboard validation failures returns 400 when date format is invalid (MM/DD/YYYY)",
          "status": "passed",
          "title": "returns 400 when date format is invalid (MM/DD/YYYY)",
          "duration": 4.064300000000003,
          "failureMessages": [],
          "meta": {},
          "tags": []
        },
        {
          "ancestorTitles": ["GET /api/v1/dashboard", "validation failures"],
          "fullName": "GET /api/v1/dashboard validation failures returns 400 when date is not a date string",
          "status": "passed",
          "title": "returns 400 when date is not a date string",
          "duration": 2.342199999999991,
          "failureMessages": [],
          "meta": {},
          "tags": []
        },
        {
          "ancestorTitles": ["GET /api/v1/dashboard", "service errors"],
          "fullName": "GET /api/v1/dashboard service errors returns 500 when getDashboard throws an untyped error",
          "status": "passed",
          "title": "returns 500 when getDashboard throws an untyped error",
          "duration": 1.9656000000000518,
          "failureMessages": [],
          "meta": {},
          "tags": []
        },
        {
          "ancestorTitles": ["GET /api/v1/dashboard", "service errors"],
          "fullName": "GET /api/v1/dashboard service errors propagates AppError status from service (e.g. upstream failure)",
          "status": "passed",
          "title": "propagates AppError status from service (e.g. upstream failure)",
          "duration": 3.408200000000022,
          "failureMessages": [],
          "meta": {},
          "tags": []
        }
      ],
      "startTime": 1781821414048,
      "endTime": 1781821414082.4082,
      "status": "passed",
      "message": "",
      "name": "C:/Users/Nitiw/Projects/health_manager/backend/src/features/dashboard/__tests__/dashboard.controller.test.ts"
    },
    {
      "assertionResults": [
        {
          "ancestorTitles": ["getDashboard"],
          "fullName": "getDashboard aggregates profile, food, and exercise totals into the dashboard shape",
          "status": "passed",
          "title": "aggregates profile, food, and exercise totals into the dashboard shape",
          "duration": 1.4925999999999817,
          "failureMessages": [],
          "meta": {},
          "tags": []
        },
        {
          "ancestorTitles": ["getDashboard"],
          "fullName": "getDashboard computes negative net and remaining when burned exceeds consumed and target",
          "status": "passed",
          "title": "computes negative net and remaining when burned exceeds consumed and target",
          "duration": 0.5039999999999907,
          "failureMessages": [],
          "meta": {},
          "tags": []
        },
        {
          "ancestorTitles": ["getDashboard"],
          "fullName": "getDashboard returns null bmr/tdee/target/remaining when getProfile resolves null",
          "status": "passed",
          "title": "returns null bmr/tdee/target/remaining when getProfile resolves null",
          "duration": 0.2920000000000016,
          "failureMessages": [],
          "meta": {},
          "tags": []
        },
        {
          "ancestorTitles": ["getDashboard"],
          "fullName": "getDashboard defaults date to today when not provided",
          "status": "passed",
          "title": "defaults date to today when not provided",
          "duration": 1.6059999999999945,
          "failureMessages": [],
          "meta": {},
          "tags": []
        },
        {
          "ancestorTitles": ["getDashboard"],
          "fullName": "getDashboard uses the provided date in food and exercise requests",
          "status": "passed",
          "title": "uses the provided date in food and exercise requests",
          "duration": 0.30410000000000537,
          "failureMessages": [],
          "meta": {},
          "tags": []
        }
      ],
      "startTime": 1781821413865,
      "endTime": 1781821413869.606,
      "status": "passed",
      "message": "",
      "name": "C:/Users/Nitiw/Projects/health_manager/backend/src/features/dashboard/__tests__/dashboard.service.test.ts"
    },
    {
      "assertionResults": [
        {
          "ancestorTitles": ["GET /api/v1/summary", "valid requests"],
          "fullName": "GET /api/v1/summary valid requests returns 200 with the summary when no query params are provided",
          "status": "passed",
          "title": "returns 200 with the summary when no query params are provided",
          "duration": 13.42349999999999,
          "failureMessages": [],
          "meta": {},
          "tags": []
        },
        {
          "ancestorTitles": ["GET /api/v1/summary", "valid requests"],
          "fullName": "GET /api/v1/summary valid requests calls getSummary with the authenticated user id and no from/to when omitted",
          "status": "passed",
          "title": "calls getSummary with the authenticated user id and no from/to when omitted",
          "duration": 3.546699999999987,
          "failureMessages": [],
          "meta": {},
          "tags": []
        },
        {
          "ancestorTitles": ["GET /api/v1/summary", "valid requests"],
          "fullName": "GET /api/v1/summary valid requests returns 200 when valid from and to are provided",
          "status": "passed",
          "title": "returns 200 when valid from and to are provided",
          "duration": 2.3344000000000165,
          "failureMessages": [],
          "meta": {},
          "tags": []
        },
        {
          "ancestorTitles": ["GET /api/v1/summary", "valid requests"],
          "fullName": "GET /api/v1/summary valid requests calls getSummary with the parsed from/to when provided",
          "status": "passed",
          "title": "calls getSummary with the parsed from/to when provided",
          "duration": 2.3530000000000086,
          "failureMessages": [],
          "meta": {},
          "tags": []
        },
        {
          "ancestorTitles": ["GET /api/v1/summary", "validation failures"],
          "fullName": "GET /api/v1/summary validation failures returns 400 when from format is invalid (MM/DD/YYYY)",
          "status": "passed",
          "title": "returns 400 when from format is invalid (MM/DD/YYYY)",
          "duration": 2.8500999999999976,
          "failureMessages": [],
          "meta": {},
          "tags": []
        },
        {
          "ancestorTitles": ["GET /api/v1/summary", "validation failures"],
          "fullName": "GET /api/v1/summary validation failures returns 400 when to format is invalid",
          "status": "passed",
          "title": "returns 400 when to format is invalid",
          "duration": 4.869199999999978,
          "failureMessages": [],
          "meta": {},
          "tags": []
        },
        {
          "ancestorTitles": ["GET /api/v1/summary", "validation failures"],
          "fullName": "GET /api/v1/summary validation failures returns 400 when from is after to",
          "status": "passed",
          "title": "returns 400 when from is after to",
          "duration": 2.747799999999984,
          "failureMessages": [],
          "meta": {},
          "tags": []
        },
        {
          "ancestorTitles": ["GET /api/v1/summary", "validation failures"],
          "fullName": "GET /api/v1/summary validation failures returns 400 when from is not a valid calendar date (e.g. month 13)",
          "status": "passed",
          "title": "returns 400 when from is not a valid calendar date (e.g. month 13)",
          "duration": 2.058400000000006,
          "failureMessages": [],
          "meta": {},
          "tags": []
        },
        {
          "ancestorTitles": ["GET /api/v1/summary", "validation failures"],
          "fullName": "GET /api/v1/summary validation failures returns 400 when to is not a valid calendar date (e.g. day 00)",
          "status": "passed",
          "title": "returns 400 when to is not a valid calendar date (e.g. day 00)",
          "duration": 2.1701999999999657,
          "failureMessages": [],
          "meta": {},
          "tags": []
        },
        {
          "ancestorTitles": ["GET /api/v1/summary", "service errors"],
          "fullName": "GET /api/v1/summary service errors returns 500 when getSummary throws an untyped error",
          "status": "passed",
          "title": "returns 500 when getSummary throws an untyped error",
          "duration": 2.1737999999999715,
          "failureMessages": [],
          "meta": {},
          "tags": []
        },
        {
          "ancestorTitles": ["GET /api/v1/summary", "service errors"],
          "fullName": "GET /api/v1/summary service errors propagates AppError status from service (e.g. upstream failure)",
          "status": "passed",
          "title": "propagates AppError status from service (e.g. upstream failure)",
          "duration": 1.7163999999999646,
          "failureMessages": [],
          "meta": {},
          "tags": []
        }
      ],
      "startTime": 1781821414055,
      "endTime": 1781821414095.7163,
      "status": "passed",
      "message": "",
      "name": "C:/Users/Nitiw/Projects/health_manager/backend/src/features/summary/__tests__/summary.controller.test.ts"
    },
    {
      "assertionResults": [
        {
          "ancestorTitles": ["getSummary"],
          "fullName": "getSummary aggregates food and exercise entries within the range into totals and averages",
          "status": "passed",
          "title": "aggregates food and exercise entries within the range into totals and averages",
          "duration": 1.8408999999999764,
          "failureMessages": [],
          "meta": {},
          "tags": []
        },
        {
          "ancestorTitles": ["getSummary"],
          "fullName": "getSummary excludes entries dated exactly one day before from or one day after to",
          "status": "passed",
          "title": "excludes entries dated exactly one day before from or one day after to",
          "duration": 0.3085000000000093,
          "failureMessages": [],
          "meta": {},
          "tags": []
        },
        {
          "ancestorTitles": ["getSummary"],
          "fullName": "getSummary returns null bmr/tdee/target_total/remaining_total when getProfile resolves null",
          "status": "passed",
          "title": "returns null bmr/tdee/target_total/remaining_total when getProfile resolves null",
          "duration": 0.2623999999999853,
          "failureMessages": [],
          "meta": {},
          "tags": []
        },
        {
          "ancestorTitles": ["getSummary"],
          "fullName": "getSummary defaults to a trailing 7-day window ending today when neither from nor to is given",
          "status": "passed",
          "title": "defaults to a trailing 7-day window ending today when neither from nor to is given",
          "duration": 1.3865999999999872,
          "failureMessages": [],
          "meta": {},
          "tags": []
        },
        {
          "ancestorTitles": ["getSummary"],
          "fullName": "getSummary derives from as 6 days before to when only to is given",
          "status": "passed",
          "title": "derives from as 6 days before to when only to is given",
          "duration": 0.3019000000000176,
          "failureMessages": [],
          "meta": {},
          "tags": []
        },
        {
          "ancestorTitles": ["getSummary"],
          "fullName": "getSummary defaults to as today when only from is given",
          "status": "passed",
          "title": "defaults to as today when only from is given",
          "duration": 0.14750000000000796,
          "failureMessages": [],
          "meta": {},
          "tags": []
        },
        {
          "ancestorTitles": ["getSummary"],
          "fullName": "getSummary queries food and exercise entries without a date filter",
          "status": "passed",
          "title": "queries food and exercise entries without a date filter",
          "duration": 0.7904000000000053,
          "failureMessages": [],
          "meta": {},
          "tags": []
        }
      ],
      "startTime": 1781821413864,
      "endTime": 1781821413868.7903,
      "status": "passed",
      "message": "",
      "name": "C:/Users/Nitiw/Projects/health_manager/backend/src/features/summary/__tests__/summary.service.test.ts"
    },
    {
      "assertionResults": [
        {
          "ancestorTitles": ["POST /api/v1/exercise/entries", "valid requests"],
          "fullName": "POST /api/v1/exercise/entries valid requests returns 201 with the created entry",
          "status": "passed",
          "title": "returns 201 with the created entry",
          "duration": 20.403200000000027,
          "failureMessages": [],
          "meta": {},
          "tags": []
        },
        {
          "ancestorTitles": ["POST /api/v1/exercise/entries", "valid requests"],
          "fullName": "POST /api/v1/exercise/entries valid requests calls logExerciseEntry with userId and parsed body",
          "status": "passed",
          "title": "calls logExerciseEntry with userId and parsed body",
          "duration": 3.755200000000002,
          "failureMessages": [],
          "meta": {},
          "tags": []
        },
        {
          "ancestorTitles": ["POST /api/v1/exercise/entries", "valid requests"],
          "fullName": "POST /api/v1/exercise/entries valid requests accepts optional duration_min",
          "status": "passed",
          "title": "accepts optional duration_min",
          "duration": 2.2472999999999956,
          "failureMessages": [],
          "meta": {},
          "tags": []
        },
        {
          "ancestorTitles": ["POST /api/v1/exercise/entries", "valid requests"],
          "fullName": "POST /api/v1/exercise/entries valid requests accepts optional logged_at string",
          "status": "passed",
          "title": "accepts optional logged_at string",
          "duration": 2.114499999999964,
          "failureMessages": [],
          "meta": {},
          "tags": []
        },
        {
          "ancestorTitles": ["POST /api/v1/exercise/entries", "validation failures"],
          "fullName": "POST /api/v1/exercise/entries validation failures returns 400 when exercise_name is missing",
          "status": "passed",
          "title": "returns 400 when exercise_name is missing",
          "duration": 2.6496999999999957,
          "failureMessages": [],
          "meta": {},
          "tags": []
        },
        {
          "ancestorTitles": ["POST /api/v1/exercise/entries", "validation failures"],
          "fullName": "POST /api/v1/exercise/entries validation failures returns 400 when calories_burned is missing",
          "status": "passed",
          "title": "returns 400 when calories_burned is missing",
          "duration": 2.0728000000000293,
          "failureMessages": [],
          "meta": {},
          "tags": []
        },
        {
          "ancestorTitles": ["POST /api/v1/exercise/entries", "validation failures"],
          "fullName": "POST /api/v1/exercise/entries validation failures returns 400 when exercise_name is empty string",
          "status": "passed",
          "title": "returns 400 when exercise_name is empty string",
          "duration": 1.9107000000000198,
          "failureMessages": [],
          "meta": {},
          "tags": []
        },
        {
          "ancestorTitles": ["POST /api/v1/exercise/entries", "validation failures"],
          "fullName": "POST /api/v1/exercise/entries validation failures returns 400 when exercise_name is whitespace only",
          "status": "passed",
          "title": "returns 400 when exercise_name is whitespace only",
          "duration": 1.7577999999999747,
          "failureMessages": [],
          "meta": {},
          "tags": []
        },
        {
          "ancestorTitles": ["POST /api/v1/exercise/entries", "validation failures"],
          "fullName": "POST /api/v1/exercise/entries validation failures returns 400 when exercise_name exceeds 200 chars",
          "status": "passed",
          "title": "returns 400 when exercise_name exceeds 200 chars",
          "duration": 2.0079000000000065,
          "failureMessages": [],
          "meta": {},
          "tags": []
        },
        {
          "ancestorTitles": ["POST /api/v1/exercise/entries", "validation failures"],
          "fullName": "POST /api/v1/exercise/entries validation failures returns 400 when calories_burned is negative",
          "status": "passed",
          "title": "returns 400 when calories_burned is negative",
          "duration": 2.2805999999999926,
          "failureMessages": [],
          "meta": {},
          "tags": []
        },
        {
          "ancestorTitles": ["POST /api/v1/exercise/entries", "validation failures"],
          "fullName": "POST /api/v1/exercise/entries validation failures returns 400 when calories_burned exceeds maximum",
          "status": "passed",
          "title": "returns 400 when calories_burned exceeds maximum",
          "duration": 1.823000000000036,
          "failureMessages": [],
          "meta": {},
          "tags": []
        },
        {
          "ancestorTitles": ["POST /api/v1/exercise/entries", "validation failures"],
          "fullName": "POST /api/v1/exercise/entries validation failures returns 400 when duration_min is negative",
          "status": "passed",
          "title": "returns 400 when duration_min is negative",
          "duration": 1.6492999999999824,
          "failureMessages": [],
          "meta": {},
          "tags": []
        },
        {
          "ancestorTitles": ["POST /api/v1/exercise/entries", "validation failures"],
          "fullName": "POST /api/v1/exercise/entries validation failures returns 400 when duration_min exceeds maximum",
          "status": "passed",
          "title": "returns 400 when duration_min exceeds maximum",
          "duration": 1.9196999999999775,
          "failureMessages": [],
          "meta": {},
          "tags": []
        },
        {
          "ancestorTitles": ["POST /api/v1/exercise/entries", "validation failures"],
          "fullName": "POST /api/v1/exercise/entries validation failures returns 400 when logged_at is not a valid ISO datetime",
          "status": "passed",
          "title": "returns 400 when logged_at is not a valid ISO datetime",
          "duration": 2.04200000000003,
          "failureMessages": [],
          "meta": {},
          "tags": []
        },
        {
          "ancestorTitles": ["POST /api/v1/exercise/entries", "validation failures"],
          "fullName": "POST /api/v1/exercise/entries validation failures accepts calories_burned of 0 (boundary)",
          "status": "passed",
          "title": "accepts calories_burned of 0 (boundary)",
          "duration": 3.347699999999975,
          "failureMessages": [],
          "meta": {},
          "tags": []
        },
        {
          "ancestorTitles": ["POST /api/v1/exercise/entries", "validation failures"],
          "fullName": "POST /api/v1/exercise/entries validation failures accepts calories_burned of 10000 (boundary)",
          "status": "passed",
          "title": "accepts calories_burned of 10000 (boundary)",
          "duration": 1.7063999999999737,
          "failureMessages": [],
          "meta": {},
          "tags": []
        },
        {
          "ancestorTitles": ["POST /api/v1/exercise/entries", "service errors"],
          "fullName": "POST /api/v1/exercise/entries service errors returns 500 when logExerciseEntry throws an untyped error",
          "status": "passed",
          "title": "returns 500 when logExerciseEntry throws an untyped error",
          "duration": 1.8605000000000018,
          "failureMessages": [],
          "meta": {},
          "tags": []
        },
        {
          "ancestorTitles": ["POST /api/v1/exercise/entries", "service errors"],
          "fullName": "POST /api/v1/exercise/entries service errors propagates AppError status from service",
          "status": "passed",
          "title": "propagates AppError status from service",
          "duration": 2.7226,
          "failureMessages": [],
          "meta": {},
          "tags": []
        },
        {
          "ancestorTitles": ["GET /api/v1/exercise/entries", "valid requests"],
          "fullName": "GET /api/v1/exercise/entries valid requests returns 200 with entries and totals when no date provided",
          "status": "passed",
          "title": "returns 200 with entries and totals when no date provided",
          "duration": 2.587699999999984,
          "failureMessages": [],
          "meta": {},
          "tags": []
        },
        {
          "ancestorTitles": ["GET /api/v1/exercise/entries", "valid requests"],
          "fullName": "GET /api/v1/exercise/entries valid requests returns 200 when a valid date is provided",
          "status": "passed",
          "title": "returns 200 when a valid date is provided",
          "duration": 1.8028000000000475,
          "failureMessages": [],
          "meta": {},
          "tags": []
        },
        {
          "ancestorTitles": ["GET /api/v1/exercise/entries", "valid requests"],
          "fullName": "GET /api/v1/exercise/entries valid requests calls getExerciseEntries with userId and date when provided",
          "status": "passed",
          "title": "calls getExerciseEntries with userId and date when provided",
          "duration": 1.8017000000000962,
          "failureMessages": [],
          "meta": {},
          "tags": []
        },
        {
          "ancestorTitles": ["GET /api/v1/exercise/entries", "valid requests"],
          "fullName": "GET /api/v1/exercise/entries valid requests calls getExerciseEntries with userId and no date when omitted",
          "status": "passed",
          "title": "calls getExerciseEntries with userId and no date when omitted",
          "duration": 1.7381000000000313,
          "failureMessages": [],
          "meta": {},
          "tags": []
        },
        {
          "ancestorTitles": ["GET /api/v1/exercise/entries", "validation failures"],
          "fullName": "GET /api/v1/exercise/entries validation failures returns 400 when date format is invalid",
          "status": "passed",
          "title": "returns 400 when date format is invalid",
          "duration": 1.778599999999983,
          "failureMessages": [],
          "meta": {},
          "tags": []
        },
        {
          "ancestorTitles": ["GET /api/v1/exercise/entries", "validation failures"],
          "fullName": "GET /api/v1/exercise/entries validation failures returns 400 when date is in wrong format (MM/DD/YYYY)",
          "status": "passed",
          "title": "returns 400 when date is in wrong format (MM/DD/YYYY)",
          "duration": 1.5322999999999638,
          "failureMessages": [],
          "meta": {},
          "tags": []
        },
        {
          "ancestorTitles": ["GET /api/v1/exercise/entries", "service errors"],
          "fullName": "GET /api/v1/exercise/entries service errors returns 500 when getExerciseEntries throws an untyped error",
          "status": "passed",
          "title": "returns 500 when getExerciseEntries throws an untyped error",
          "duration": 1.5292000000000598,
          "failureMessages": [],
          "meta": {},
          "tags": []
        },
        {
          "ancestorTitles": ["GET /api/v1/exercise/entries", "service errors"],
          "fullName": "GET /api/v1/exercise/entries service errors propagates AppError status from service",
          "status": "passed",
          "title": "propagates AppError status from service",
          "duration": 1.6060999999999694,
          "failureMessages": [],
          "meta": {},
          "tags": []
        }
      ],
      "startTime": 1781821414034,
      "endTime": 1781821414106.6062,
      "status": "passed",
      "message": "",
      "name": "C:/Users/Nitiw/Projects/health_manager/backend/src/features/exercise/__tests__/exercise.controller.test.ts"
    },
    {
      "assertionResults": [
        {
          "ancestorTitles": ["GET /api/v1/profile"],
          "fullName": "GET /api/v1/profile returns 404 when profile does not exist",
          "status": "passed",
          "title": "returns 404 when profile does not exist",
          "duration": 12.082699999999988,
          "failureMessages": [],
          "meta": {},
          "tags": []
        },
        {
          "ancestorTitles": ["GET /api/v1/profile"],
          "fullName": "GET /api/v1/profile calls getProfile with the userId from middleware",
          "status": "passed",
          "title": "calls getProfile with the userId from middleware",
          "duration": 3.4980999999999653,
          "failureMessages": [],
          "meta": {},
          "tags": []
        },
        {
          "ancestorTitles": ["GET /api/v1/profile"],
          "fullName": "GET /api/v1/profile returns 500 when getProfile throws",
          "status": "passed",
          "title": "returns 500 when getProfile throws",
          "duration": 2.314399999999978,
          "failureMessages": [],
          "meta": {},
          "tags": []
        },
        {
          "ancestorTitles": ["PUT /api/v1/profile", "valid requests"],
          "fullName": "PUT /api/v1/profile valid requests returns 200 with profile data on valid body",
          "status": "passed",
          "title": "returns 200 with profile data on valid body",
          "duration": 12.10759999999999,
          "failureMessages": [],
          "meta": {},
          "tags": []
        },
        {
          "ancestorTitles": ["PUT /api/v1/profile", "valid requests"],
          "fullName": "PUT /api/v1/profile valid requests accepts optional name field",
          "status": "passed",
          "title": "accepts optional name field",
          "duration": 2.3602000000000203,
          "failureMessages": [],
          "meta": {},
          "tags": []
        },
        {
          "ancestorTitles": ["PUT /api/v1/profile", "valid requests"],
          "fullName": "PUT /api/v1/profile valid requests accepts optional goal field",
          "status": "passed",
          "title": "accepts optional goal field",
          "duration": 1.9563999999999737,
          "failureMessages": [],
          "meta": {},
          "tags": []
        },
        {
          "ancestorTitles": ["PUT /api/v1/profile", "valid requests"],
          "fullName": "PUT /api/v1/profile valid requests accepts female sex",
          "status": "passed",
          "title": "accepts female sex",
          "duration": 1.842800000000011,
          "failureMessages": [],
          "meta": {},
          "tags": []
        },
        {
          "ancestorTitles": ["PUT /api/v1/profile", "valid requests"],
          "fullName": "PUT /api/v1/profile valid requests calls upsertProfile with userId and parsed body",
          "status": "passed",
          "title": "calls upsertProfile with userId and parsed body",
          "duration": 2.5625,
          "failureMessages": [],
          "meta": {},
          "tags": []
        },
        {
          "ancestorTitles": ["PUT /api/v1/profile", "validation failures"],
          "fullName": "PUT /api/v1/profile validation failures returns 400 when age is missing",
          "status": "passed",
          "title": "returns 400 when age is missing",
          "duration": 2.508299999999963,
          "failureMessages": [],
          "meta": {},
          "tags": []
        },
        {
          "ancestorTitles": ["PUT /api/v1/profile", "validation failures"],
          "fullName": "PUT /api/v1/profile validation failures returns 400 when sex is missing",
          "status": "passed",
          "title": "returns 400 when sex is missing",
          "duration": 2.2796000000000163,
          "failureMessages": [],
          "meta": {},
          "tags": []
        },
        {
          "ancestorTitles": ["PUT /api/v1/profile", "validation failures"],
          "fullName": "PUT /api/v1/profile validation failures returns 400 when weight_kg is missing",
          "status": "passed",
          "title": "returns 400 when weight_kg is missing",
          "duration": 1.7904999999999518,
          "failureMessages": [],
          "meta": {},
          "tags": []
        },
        {
          "ancestorTitles": ["PUT /api/v1/profile", "validation failures"],
          "fullName": "PUT /api/v1/profile validation failures returns 400 when height_cm is missing",
          "status": "passed",
          "title": "returns 400 when height_cm is missing",
          "duration": 3.760600000000011,
          "failureMessages": [],
          "meta": {},
          "tags": []
        },
        {
          "ancestorTitles": ["PUT /api/v1/profile", "validation failures"],
          "fullName": "PUT /api/v1/profile validation failures returns 400 when activity_level is missing",
          "status": "passed",
          "title": "returns 400 when activity_level is missing",
          "duration": 2.0126999999999384,
          "failureMessages": [],
          "meta": {},
          "tags": []
        },
        {
          "ancestorTitles": ["PUT /api/v1/profile", "validation failures"],
          "fullName": "PUT /api/v1/profile validation failures returns 400 when age is 0",
          "status": "passed",
          "title": "returns 400 when age is 0",
          "duration": 2.4465000000000146,
          "failureMessages": [],
          "meta": {},
          "tags": []
        },
        {
          "ancestorTitles": ["PUT /api/v1/profile", "validation failures"],
          "fullName": "PUT /api/v1/profile validation failures returns 400 when age is 121",
          "status": "passed",
          "title": "returns 400 when age is 121",
          "duration": 1.8383000000000038,
          "failureMessages": [],
          "meta": {},
          "tags": []
        },
        {
          "ancestorTitles": ["PUT /api/v1/profile", "validation failures"],
          "fullName": "PUT /api/v1/profile validation failures returns 400 when sex is invalid",
          "status": "passed",
          "title": "returns 400 when sex is invalid",
          "duration": 1.8233000000000175,
          "failureMessages": [],
          "meta": {},
          "tags": []
        },
        {
          "ancestorTitles": ["PUT /api/v1/profile", "validation failures"],
          "fullName": "PUT /api/v1/profile validation failures returns 400 when activity_level is invalid",
          "status": "passed",
          "title": "returns 400 when activity_level is invalid",
          "duration": 1.8363000000000511,
          "failureMessages": [],
          "meta": {},
          "tags": []
        },
        {
          "ancestorTitles": ["PUT /api/v1/profile", "validation failures"],
          "fullName": "PUT /api/v1/profile validation failures returns 400 when weight_kg is negative",
          "status": "passed",
          "title": "returns 400 when weight_kg is negative",
          "duration": 1.9028000000000702,
          "failureMessages": [],
          "meta": {},
          "tags": []
        },
        {
          "ancestorTitles": ["PUT /api/v1/profile", "validation failures"],
          "fullName": "PUT /api/v1/profile validation failures returns 400 when height_cm is zero",
          "status": "passed",
          "title": "returns 400 when height_cm is zero",
          "duration": 1.7954999999999472,
          "failureMessages": [],
          "meta": {},
          "tags": []
        },
        {
          "ancestorTitles": ["PUT /api/v1/profile", "validation failures"],
          "fullName": "PUT /api/v1/profile validation failures returns 400 when name exceeds 100 chars",
          "status": "passed",
          "title": "returns 400 when name exceeds 100 chars",
          "duration": 1.7958999999999605,
          "failureMessages": [],
          "meta": {},
          "tags": []
        },
        {
          "ancestorTitles": ["PUT /api/v1/profile", "validation failures"],
          "fullName": "PUT /api/v1/profile validation failures returns 400 when goal is invalid",
          "status": "passed",
          "title": "returns 400 when goal is invalid",
          "duration": 1.7584000000000515,
          "failureMessages": [],
          "meta": {},
          "tags": []
        },
        {
          "ancestorTitles": ["PUT /api/v1/profile", "service errors"],
          "fullName": "PUT /api/v1/profile service errors returns 500 when upsertProfile throws an untyped error",
          "status": "passed",
          "title": "returns 500 when upsertProfile throws an untyped error",
          "duration": 1.8122999999999365,
          "failureMessages": [],
          "meta": {},
          "tags": []
        },
        {
          "ancestorTitles": ["PUT /api/v1/profile", "service errors"],
          "fullName": "PUT /api/v1/profile service errors propagates AppError status from service",
          "status": "passed",
          "title": "propagates AppError status from service",
          "duration": 1.6194000000000415,
          "failureMessages": [],
          "meta": {},
          "tags": []
        }
      ],
      "startTime": 1781821414035,
      "endTime": 1781821414105.6194,
      "status": "passed",
      "message": "",
      "name": "C:/Users/Nitiw/Projects/health_manager/backend/src/features/profile/__tests__/profile.controller.test.ts"
    },
    {
      "assertionResults": [
        {
          "ancestorTitles": ["POST /api/v1/agent", "valid requests"],
          "fullName": "POST /api/v1/agent valid requests returns 200 with data shape on valid body",
          "status": "passed",
          "title": "returns 200 with data shape on valid body",
          "duration": 20.6567,
          "failureMessages": [],
          "meta": {},
          "tags": []
        },
        {
          "ancestorTitles": ["POST /api/v1/agent", "valid requests"],
          "fullName": "POST /api/v1/agent valid requests accepts string content",
          "status": "passed",
          "title": "accepts string content",
          "duration": 2.7649000000000115,
          "failureMessages": [],
          "meta": {},
          "tags": []
        },
        {
          "ancestorTitles": ["POST /api/v1/agent", "valid requests"],
          "fullName": "POST /api/v1/agent valid requests accepts text content block",
          "status": "passed",
          "title": "accepts text content block",
          "duration": 2.691400000000044,
          "failureMessages": [],
          "meta": {},
          "tags": []
        },
        {
          "ancestorTitles": ["POST /api/v1/agent", "valid requests"],
          "fullName": "POST /api/v1/agent valid requests accepts valid base64 image content block",
          "status": "passed",
          "title": "accepts valid base64 image content block",
          "duration": 4.589499999999987,
          "failureMessages": [],
          "meta": {},
          "tags": []
        },
        {
          "ancestorTitles": ["POST /api/v1/agent", "valid requests"],
          "fullName": "POST /api/v1/agent valid requests accepts valid url image content block",
          "status": "passed",
          "title": "accepts valid url image content block",
          "duration": 2.777499999999975,
          "failureMessages": [],
          "meta": {},
          "tags": []
        },
        {
          "ancestorTitles": ["POST /api/v1/agent", "valid requests"],
          "fullName": "POST /api/v1/agent valid requests calls runAgentLoop with parsed messages and req.userId",
          "status": "passed",
          "title": "calls runAgentLoop with parsed messages and req.userId",
          "duration": 2.9464000000000397,
          "failureMessages": [],
          "meta": {},
          "tags": []
        },
        {
          "ancestorTitles": ["POST /api/v1/agent", "validation failures"],
          "fullName": "POST /api/v1/agent validation failures returns 400 when messages is empty array",
          "status": "passed",
          "title": "returns 400 when messages is empty array",
          "duration": 2.654200000000003,
          "failureMessages": [],
          "meta": {},
          "tags": []
        },
        {
          "ancestorTitles": ["POST /api/v1/agent", "validation failures"],
          "fullName": "POST /api/v1/agent validation failures returns 400 when messages is missing",
          "status": "passed",
          "title": "returns 400 when messages is missing",
          "duration": 2.1826999999999543,
          "failureMessages": [],
          "meta": {},
          "tags": []
        },
        {
          "ancestorTitles": ["POST /api/v1/agent", "validation failures"],
          "fullName": "POST /api/v1/agent validation failures returns 400 when role is invalid",
          "status": "passed",
          "title": "returns 400 when role is invalid",
          "duration": 2.4046000000000163,
          "failureMessages": [],
          "meta": {},
          "tags": []
        },
        {
          "ancestorTitles": ["POST /api/v1/agent", "validation failures"],
          "fullName": "POST /api/v1/agent validation failures returns 400 when base64 image source is missing data field",
          "status": "passed",
          "title": "returns 400 when base64 image source is missing data field",
          "duration": 3.253399999999999,
          "failureMessages": [],
          "meta": {},
          "tags": []
        },
        {
          "ancestorTitles": ["POST /api/v1/agent", "validation failures"],
          "fullName": "POST /api/v1/agent validation failures returns 400 when url image source has invalid url",
          "status": "passed",
          "title": "returns 400 when url image source has invalid url",
          "duration": 2.0785000000000196,
          "failureMessages": [],
          "meta": {},
          "tags": []
        },
        {
          "ancestorTitles": ["POST /api/v1/agent", "validation failures"],
          "fullName": "POST /api/v1/agent validation failures returns 400 when content block has unknown type",
          "status": "passed",
          "title": "returns 400 when content block has unknown type",
          "duration": 3.4097000000000435,
          "failureMessages": [],
          "meta": {},
          "tags": []
        },
        {
          "ancestorTitles": ["POST /api/v1/agent", "service errors"],
          "fullName": "POST /api/v1/agent service errors returns 500 when service throws an untyped error",
          "status": "passed",
          "title": "returns 500 when service throws an untyped error",
          "duration": 1.8840999999999894,
          "failureMessages": [],
          "meta": {},
          "tags": []
        },
        {
          "ancestorTitles": ["POST /api/v1/agent", "service errors"],
          "fullName": "POST /api/v1/agent service errors propagates AppError status from service",
          "status": "passed",
          "title": "propagates AppError status from service",
          "duration": 1.5159999999999627,
          "failureMessages": [],
          "meta": {},
          "tags": []
        }
      ],
      "startTime": 1781821414055,
      "endTime": 1781821414111.516,
      "status": "passed",
      "message": "",
      "name": "C:/Users/Nitiw/Projects/health_manager/backend/src/features/agent/__tests__/agent.controller.test.ts"
    },
    {
      "assertionResults": [
        {
          "ancestorTitles": ["runAgentLoop", "routing — skipWorker=true"],
          "fullName": "runAgentLoop routing — skipWorker=true makes exactly 2 SDK calls: router then presenter",
          "status": "passed",
          "title": "makes exactly 2 SDK calls: router then presenter",
          "duration": 2.608100000000036,
          "failureMessages": [],
          "meta": {},
          "tags": []
        },
        {
          "ancestorTitles": ["runAgentLoop", "routing — skipWorker=true"],
          "fullName": "runAgentLoop routing — skipWorker=true returns the FE tool call from the presenter",
          "status": "passed",
          "title": "returns the FE tool call from the presenter",
          "duration": 1.442199999999957,
          "failureMessages": [],
          "meta": {},
          "tags": []
        },
        {
          "ancestorTitles": ["runAgentLoop", "routing — skipWorker=true"],
          "fullName": "runAgentLoop routing — skipWorker=true returns a non-empty messages array",
          "status": "passed",
          "title": "returns a non-empty messages array",
          "duration": 0.28019999999997935,
          "failureMessages": [],
          "meta": {},
          "tags": []
        },
        {
          "ancestorTitles": ["runAgentLoop", "routing — skipWorker=false"],
          "fullName": "runAgentLoop routing — skipWorker=false makes exactly 3 SDK calls: router, worker, presenter",
          "status": "passed",
          "title": "makes exactly 3 SDK calls: router, worker, presenter",
          "duration": 0.3521000000000072,
          "failureMessages": [],
          "meta": {},
          "tags": []
        },
        {
          "ancestorTitles": ["runAgentLoop", "routing — skipWorker=false"],
          "fullName": "runAgentLoop routing — skipWorker=false returns the correct FE tool from presenter",
          "status": "passed",
          "title": "returns the correct FE tool from presenter",
          "duration": 0.26499999999998636,
          "failureMessages": [],
          "meta": {},
          "tags": []
        },
        {
          "ancestorTitles": ["runAgentLoop", "routing — skipWorker=false"],
          "fullName": "runAgentLoop routing — skipWorker=false ends the presenter input with a user turn so Anthropic accepts it (routing context, with the handoff just before)",
          "status": "passed",
          "title": "ends the presenter input with a user turn so Anthropic accepts it (routing context, with the handoff just before)",
          "duration": 0.3079999999999927,
          "failureMessages": [],
          "meta": {},
          "tags": []
        },
        {
          "ancestorTitles": ["runAgentLoop", "routing — skipWorker=false"],
          "fullName": "runAgentLoop routing — skipWorker=false passes only original messages + Worker synthesis + handoff + routing context to Presenter, not intermediate tool calls",
          "status": "passed",
          "title": "passes only original messages + Worker synthesis + handoff + routing context to Presenter, not intermediate tool calls",
          "duration": 0.5822000000000003,
          "failureMessages": [],
          "meta": {},
          "tags": []
        },
        {
          "ancestorTitles": ["runAgentLoop", "worker loop cap"],
          "fullName": "runAgentLoop worker loop cap throws after 10 iterations with \"exceeded maximum iterations\"",
          "status": "passed",
          "title": "throws after 10 iterations with \"exceeded maximum iterations\"",
          "duration": 1.1030000000000086,
          "failureMessages": [],
          "meta": {},
          "tags": []
        },
        {
          "ancestorTitles": ["runAgentLoop", "worker loop cap"],
          "fullName": "runAgentLoop worker loop cap makes 11 total SDK calls when loop cap triggers (1 router + 10 worker)",
          "status": "passed",
          "title": "makes 11 total SDK calls when loop cap triggers (1 router + 10 worker)",
          "duration": 0.47649999999998727,
          "failureMessages": [],
          "meta": {},
          "tags": []
        },
        {
          "ancestorTitles": ["runAgentLoop", "worker termination guard"],
          "fullName": "runAgentLoop worker termination guard throws when the worker stops with max_tokens (truncated synthesis)",
          "status": "passed",
          "title": "throws when the worker stops with max_tokens (truncated synthesis)",
          "duration": 0.3019999999999641,
          "failureMessages": [],
          "meta": {},
          "tags": []
        },
        {
          "ancestorTitles": ["runAgentLoop", "worker termination guard"],
          "fullName": "runAgentLoop worker termination guard throws when the worker stops with refusal",
          "status": "passed",
          "title": "throws when the worker stops with refusal",
          "duration": 0.202699999999993,
          "failureMessages": [],
          "meta": {},
          "tags": []
        },
        {
          "ancestorTitles": ["runAgentLoop", "worker termination guard"],
          "fullName": "runAgentLoop worker termination guard does not call the presenter when the worker terminates abnormally (router + worker only)",
          "status": "passed",
          "title": "does not call the presenter when the worker terminates abnormally (router + worker only)",
          "duration": 0.1712999999999738,
          "failureMessages": [],
          "meta": {},
          "tags": []
        },
        {
          "ancestorTitles": ["runAgentLoop", "MCP execution — stub DB tools"],
          "fullName": "runAgentLoop MCP execution — stub DB tools includes stub tool_result in messages passed to subsequent worker call",
          "status": "passed",
          "title": "includes stub tool_result in messages passed to subsequent worker call",
          "duration": 0.18039999999996326,
          "failureMessages": [],
          "meta": {},
          "tags": []
        },
        {
          "ancestorTitles": ["runAgentLoop", "MCP execution — USDA"],
          "fullName": "runAgentLoop MCP execution — USDA calls fetch with USDA API URL when API key is set",
          "status": "passed",
          "title": "calls fetch with USDA API URL when API key is set",
          "duration": 0.5199999999999818,
          "failureMessages": [],
          "meta": {},
          "tags": []
        },
        {
          "ancestorTitles": ["runAgentLoop", "MCP execution — USDA"],
          "fullName": "runAgentLoop MCP execution — USDA returns USDA_API_KEY-not-set note in tool_result when key is absent",
          "status": "passed",
          "title": "returns USDA_API_KEY-not-set note in tool_result when key is absent",
          "duration": 0.1938000000000102,
          "failureMessages": [],
          "meta": {},
          "tags": []
        },
        {
          "ancestorTitles": ["runAgentLoop", "MCP execution — USDA"],
          "fullName": "runAgentLoop MCP execution — USDA sanitizes non-ASCII characters from USDA food names",
          "status": "passed",
          "title": "sanitizes non-ASCII characters from USDA food names",
          "duration": 0.28759999999999764,
          "failureMessages": [],
          "meta": {},
          "tags": []
        },
        {
          "ancestorTitles": ["runAgentLoop", "presenter errors"],
          "fullName": "runAgentLoop presenter errors throws when presenter returns no tool_use blocks",
          "status": "passed",
          "title": "throws when presenter returns no tool_use blocks",
          "duration": 0.17109999999996717,
          "failureMessages": [],
          "meta": {},
          "tags": []
        }
      ],
      "startTime": 1781821413956,
      "endTime": 1781821413966.2876,
      "status": "passed",
      "message": "",
      "name": "C:/Users/Nitiw/Projects/health_manager/backend/src/features/agent/__tests__/agent.service.test.ts"
    },
    {
      "assertionResults": [
        {
          "ancestorTitles": ["tool-registry", "FE_TOOL_NAMES"],
          "fullName": "tool-registry FE_TOOL_NAMES matches FE_TOOLS array exactly",
          "status": "passed",
          "title": "matches FE_TOOLS array exactly",
          "duration": 1.2869000000000028,
          "failureMessages": [],
          "meta": {},
          "tags": []
        },
        {
          "ancestorTitles": ["tool-registry", "FE_TOOL_NAMES"],
          "fullName": "tool-registry FE_TOOL_NAMES contains the same count as FE_TOOLS",
          "status": "passed",
          "title": "contains the same count as FE_TOOLS",
          "duration": 0.25489999999999213,
          "failureMessages": [],
          "meta": {},
          "tags": []
        },
        {
          "ancestorTitles": ["tool-registry", "MCP_TOOL_NAMES"],
          "fullName": "tool-registry MCP_TOOL_NAMES matches MCP_TOOLS array exactly",
          "status": "passed",
          "title": "matches MCP_TOOLS array exactly",
          "duration": 0.162399999999991,
          "failureMessages": [],
          "meta": {},
          "tags": []
        },
        {
          "ancestorTitles": ["tool-registry", "MCP_TOOL_NAMES"],
          "fullName": "tool-registry MCP_TOOL_NAMES contains the same count as MCP_TOOLS",
          "status": "passed",
          "title": "contains the same count as MCP_TOOLS",
          "duration": 0.10620000000000118,
          "failureMessages": [],
          "meta": {},
          "tags": []
        },
        {
          "ancestorTitles": ["tool-registry", "namespace collision"],
          "fullName": "tool-registry namespace collision FE and MCP tool names are disjoint",
          "status": "passed",
          "title": "FE and MCP tool names are disjoint",
          "duration": 0.49860000000001037,
          "failureMessages": [],
          "meta": {},
          "tags": []
        },
        {
          "ancestorTitles": ["tool-registry", "tool shape"],
          "fullName": "tool-registry tool shape 'show_dashboard' has required fields",
          "status": "passed",
          "title": "'show_dashboard' has required fields",
          "duration": 0.30639999999999645,
          "failureMessages": [],
          "meta": {},
          "tags": []
        },
        {
          "ancestorTitles": ["tool-registry", "tool shape"],
          "fullName": "tool-registry tool shape 'show_profile_form' has required fields",
          "status": "passed",
          "title": "'show_profile_form' has required fields",
          "duration": 0.14320000000000732,
          "failureMessages": [],
          "meta": {},
          "tags": []
        },
        {
          "ancestorTitles": ["tool-registry", "tool shape"],
          "fullName": "tool-registry tool shape 'show_food_input' has required fields",
          "status": "passed",
          "title": "'show_food_input' has required fields",
          "duration": 0.1793999999999869,
          "failureMessages": [],
          "meta": {},
          "tags": []
        },
        {
          "ancestorTitles": ["tool-registry", "tool shape"],
          "fullName": "tool-registry tool shape 'show_food_log' has required fields",
          "status": "passed",
          "title": "'show_food_log' has required fields",
          "duration": 0.12760000000000105,
          "failureMessages": [],
          "meta": {},
          "tags": []
        },
        {
          "ancestorTitles": ["tool-registry", "tool shape"],
          "fullName": "tool-registry tool shape 'show_exercise_input' has required fields",
          "status": "passed",
          "title": "'show_exercise_input' has required fields",
          "duration": 0.17730000000000246,
          "failureMessages": [],
          "meta": {},
          "tags": []
        },
        {
          "ancestorTitles": ["tool-registry", "tool shape"],
          "fullName": "tool-registry tool shape 'show_exercise_log' has required fields",
          "status": "passed",
          "title": "'show_exercise_log' has required fields",
          "duration": 0.10760000000001924,
          "failureMessages": [],
          "meta": {},
          "tags": []
        },
        {
          "ancestorTitles": ["tool-registry", "tool shape"],
          "fullName": "tool-registry tool shape 'show_health_summary' has required fields",
          "status": "passed",
          "title": "'show_health_summary' has required fields",
          "duration": 0.08890000000002374,
          "failureMessages": [],
          "meta": {},
          "tags": []
        },
        {
          "ancestorTitles": ["tool-registry", "tool shape"],
          "fullName": "tool-registry tool shape 'ask_clarification' has required fields",
          "status": "passed",
          "title": "'ask_clarification' has required fields",
          "duration": 0.07919999999998595,
          "failureMessages": [],
          "meta": {},
          "tags": []
        },
        {
          "ancestorTitles": ["tool-registry", "tool shape"],
          "fullName": "tool-registry tool shape 'display_message' has required fields",
          "status": "passed",
          "title": "'display_message' has required fields",
          "duration": 0.08150000000000546,
          "failureMessages": [],
          "meta": {},
          "tags": []
        },
        {
          "ancestorTitles": ["tool-registry", "tool shape"],
          "fullName": "tool-registry tool shape 'search_food_library' has required fields",
          "status": "passed",
          "title": "'search_food_library' has required fields",
          "duration": 0.08969999999999345,
          "failureMessages": [],
          "meta": {},
          "tags": []
        },
        {
          "ancestorTitles": ["tool-registry", "tool shape"],
          "fullName": "tool-registry tool shape 'search_nutrition_usda' has required fields",
          "status": "passed",
          "title": "'search_nutrition_usda' has required fields",
          "duration": 0.09000000000000341,
          "failureMessages": [],
          "meta": {},
          "tags": []
        },
        {
          "ancestorTitles": ["tool-registry", "tool shape"],
          "fullName": "tool-registry tool shape 'search_nutrition_thai' has required fields",
          "status": "passed",
          "title": "'search_nutrition_thai' has required fields",
          "duration": 0.1383999999999901,
          "failureMessages": [],
          "meta": {},
          "tags": []
        },
        {
          "ancestorTitles": ["tool-registry", "tool shape"],
          "fullName": "tool-registry tool shape 'web_search' has required fields",
          "status": "passed",
          "title": "'web_search' has required fields",
          "duration": 0.09200000000001296,
          "failureMessages": [],
          "meta": {},
          "tags": []
        },
        {
          "ancestorTitles": ["tool-registry", "tool shape"],
          "fullName": "tool-registry tool shape 'get_user_log' has required fields",
          "status": "passed",
          "title": "'get_user_log' has required fields",
          "duration": 0.09860000000000468,
          "failureMessages": [],
          "meta": {},
          "tags": []
        },
        {
          "ancestorTitles": ["tool-registry", "tool shape"],
          "fullName": "tool-registry tool shape 'get_user_profile' has required fields",
          "status": "passed",
          "title": "'get_user_profile' has required fields",
          "duration": 0.09820000000001983,
          "failureMessages": [],
          "meta": {},
          "tags": []
        },
        {
          "ancestorTitles": ["tool-registry", "tool shape"],
          "fullName": "tool-registry tool shape 'save_food_entry' has required fields",
          "status": "passed",
          "title": "'save_food_entry' has required fields",
          "duration": 0.07640000000000668,
          "failureMessages": [],
          "meta": {},
          "tags": []
        },
        {
          "ancestorTitles": ["tool-registry", "tool shape"],
          "fullName": "tool-registry tool shape 'save_exercise_entry' has required fields",
          "status": "passed",
          "title": "'save_exercise_entry' has required fields",
          "duration": 0.07080000000001974,
          "failureMessages": [],
          "meta": {},
          "tags": []
        },
        {
          "ancestorTitles": ["tool-registry", "tool shape"],
          "fullName": "tool-registry tool shape 'save_to_food_library' has required fields",
          "status": "passed",
          "title": "'save_to_food_library' has required fields",
          "duration": 0.07850000000001955,
          "failureMessages": [],
          "meta": {},
          "tags": []
        },
        {
          "ancestorTitles": ["tool-registry", "tool shape"],
          "fullName": "tool-registry tool shape 'save_to_exercise_library' has required fields",
          "status": "passed",
          "title": "'save_to_exercise_library' has required fields",
          "duration": 0.08029999999999404,
          "failureMessages": [],
          "meta": {},
          "tags": []
        },
        {
          "ancestorTitles": ["tool-registry", "tool shape"],
          "fullName": "tool-registry tool shape 'search_exercise_library' has required fields",
          "status": "passed",
          "title": "'search_exercise_library' has required fields",
          "duration": 0.06980000000001496,
          "failureMessages": [],
          "meta": {},
          "tags": []
        },
        {
          "ancestorTitles": ["tool-registry", "show_food_input"],
          "fullName": "tool-registry show_food_input exists in FE_TOOLS",
          "status": "passed",
          "title": "exists in FE_TOOLS",
          "duration": 0.06589999999999918,
          "failureMessages": [],
          "meta": {},
          "tags": []
        },
        {
          "ancestorTitles": ["tool-registry", "show_food_input"],
          "fullName": "tool-registry show_food_input prefill is not a top-level required field",
          "status": "passed",
          "title": "prefill is not a top-level required field",
          "duration": 0.33260000000001355,
          "failureMessages": [],
          "meta": {},
          "tags": []
        },
        {
          "ancestorTitles": ["tool-registry", "show_food_input"],
          "fullName": "tool-registry show_food_input prefill.name and prefill.calories are required within prefill",
          "status": "passed",
          "title": "prefill.name and prefill.calories are required within prefill",
          "duration": 0.1431999999999789,
          "failureMessages": [],
          "meta": {},
          "tags": []
        },
        {
          "ancestorTitles": ["tool-registry", "show_exercise_input"],
          "fullName": "tool-registry show_exercise_input prefill.name and prefill.calories_burned are required within prefill",
          "status": "passed",
          "title": "prefill.name and prefill.calories_burned are required within prefill",
          "duration": 0.1343000000000245,
          "failureMessages": [],
          "meta": {},
          "tags": []
        },
        {
          "ancestorTitles": ["tool-registry", "display_message"],
          "fullName": "tool-registry display_message message field is required",
          "status": "passed",
          "title": "message field is required",
          "duration": 0.0689000000000135,
          "failureMessages": [],
          "meta": {},
          "tags": []
        }
      ],
      "startTime": 1781821413870,
      "endTime": 1781821413876.1433,
      "status": "passed",
      "message": "",
      "name": "C:/Users/Nitiw/Projects/health_manager/backend/src/features/agent/__tests__/tool-registry.test.ts"
    },
    {
      "assertionResults": [
        {
          "ancestorTitles": ["POST /api/v1/food/entries", "valid requests"],
          "fullName": "POST /api/v1/food/entries valid requests returns 201 with the created entry",
          "status": "passed",
          "title": "returns 201 with the created entry",
          "duration": 21.155100000000004,
          "failureMessages": [],
          "meta": {},
          "tags": []
        },
        {
          "ancestorTitles": ["POST /api/v1/food/entries", "valid requests"],
          "fullName": "POST /api/v1/food/entries valid requests calls logFoodEntry with userId and parsed body",
          "status": "passed",
          "title": "calls logFoodEntry with userId and parsed body",
          "duration": 3.859800000000007,
          "failureMessages": [],
          "meta": {},
          "tags": []
        },
        {
          "ancestorTitles": ["POST /api/v1/food/entries", "valid requests"],
          "fullName": "POST /api/v1/food/entries valid requests accepts optional protein_g, carbs_g, fat_g",
          "status": "passed",
          "title": "accepts optional protein_g, carbs_g, fat_g",
          "duration": 2.3684000000000083,
          "failureMessages": [],
          "meta": {},
          "tags": []
        },
        {
          "ancestorTitles": ["POST /api/v1/food/entries", "valid requests"],
          "fullName": "POST /api/v1/food/entries valid requests accepts optional logged_at string",
          "status": "passed",
          "title": "accepts optional logged_at string",
          "duration": 2.263900000000035,
          "failureMessages": [],
          "meta": {},
          "tags": []
        },
        {
          "ancestorTitles": ["POST /api/v1/food/entries", "validation failures"],
          "fullName": "POST /api/v1/food/entries validation failures returns 400 when food_name is missing",
          "status": "passed",
          "title": "returns 400 when food_name is missing",
          "duration": 2.4799999999999613,
          "failureMessages": [],
          "meta": {},
          "tags": []
        },
        {
          "ancestorTitles": ["POST /api/v1/food/entries", "validation failures"],
          "fullName": "POST /api/v1/food/entries validation failures returns 400 when calories is missing",
          "status": "passed",
          "title": "returns 400 when calories is missing",
          "duration": 2.0932999999999993,
          "failureMessages": [],
          "meta": {},
          "tags": []
        },
        {
          "ancestorTitles": ["POST /api/v1/food/entries", "validation failures"],
          "fullName": "POST /api/v1/food/entries validation failures returns 400 when food_name is empty string",
          "status": "passed",
          "title": "returns 400 when food_name is empty string",
          "duration": 2.005299999999977,
          "failureMessages": [],
          "meta": {},
          "tags": []
        },
        {
          "ancestorTitles": ["POST /api/v1/food/entries", "validation failures"],
          "fullName": "POST /api/v1/food/entries validation failures returns 400 when food_name exceeds 200 chars",
          "status": "passed",
          "title": "returns 400 when food_name exceeds 200 chars",
          "duration": 1.8408999999999764,
          "failureMessages": [],
          "meta": {},
          "tags": []
        },
        {
          "ancestorTitles": ["POST /api/v1/food/entries", "validation failures"],
          "fullName": "POST /api/v1/food/entries validation failures returns 400 when calories is negative",
          "status": "passed",
          "title": "returns 400 when calories is negative",
          "duration": 2.0219999999999914,
          "failureMessages": [],
          "meta": {},
          "tags": []
        },
        {
          "ancestorTitles": ["POST /api/v1/food/entries", "validation failures"],
          "fullName": "POST /api/v1/food/entries validation failures returns 400 when calories exceeds maximum",
          "status": "passed",
          "title": "returns 400 when calories exceeds maximum",
          "duration": 2.181699999999978,
          "failureMessages": [],
          "meta": {},
          "tags": []
        },
        {
          "ancestorTitles": ["POST /api/v1/food/entries", "validation failures"],
          "fullName": "POST /api/v1/food/entries validation failures returns 400 when protein_g is negative",
          "status": "passed",
          "title": "returns 400 when protein_g is negative",
          "duration": 1.7595000000000027,
          "failureMessages": [],
          "meta": {},
          "tags": []
        },
        {
          "ancestorTitles": ["POST /api/v1/food/entries", "validation failures"],
          "fullName": "POST /api/v1/food/entries validation failures returns 400 when logged_at is not a valid ISO datetime",
          "status": "passed",
          "title": "returns 400 when logged_at is not a valid ISO datetime",
          "duration": 2.6861000000000104,
          "failureMessages": [],
          "meta": {},
          "tags": []
        },
        {
          "ancestorTitles": ["POST /api/v1/food/entries", "validation failures"],
          "fullName": "POST /api/v1/food/entries validation failures returns 400 when food_name is whitespace only",
          "status": "passed",
          "title": "returns 400 when food_name is whitespace only",
          "duration": 1.8899999999999864,
          "failureMessages": [],
          "meta": {},
          "tags": []
        },
        {
          "ancestorTitles": ["POST /api/v1/food/entries", "validation failures"],
          "fullName": "POST /api/v1/food/entries validation failures accepts calories of 0 (boundary)",
          "status": "passed",
          "title": "accepts calories of 0 (boundary)",
          "duration": 1.8858000000000175,
          "failureMessages": [],
          "meta": {},
          "tags": []
        },
        {
          "ancestorTitles": ["POST /api/v1/food/entries", "validation failures"],
          "fullName": "POST /api/v1/food/entries validation failures accepts calories of 10000 (boundary)",
          "status": "passed",
          "title": "accepts calories of 10000 (boundary)",
          "duration": 1.8169000000000324,
          "failureMessages": [],
          "meta": {},
          "tags": []
        },
        {
          "ancestorTitles": ["POST /api/v1/food/entries", "service errors"],
          "fullName": "POST /api/v1/food/entries service errors returns 500 when logFoodEntry throws an untyped error",
          "status": "passed",
          "title": "returns 500 when logFoodEntry throws an untyped error",
          "duration": 2.7536999999999807,
          "failureMessages": [],
          "meta": {},
          "tags": []
        },
        {
          "ancestorTitles": ["POST /api/v1/food/entries", "service errors"],
          "fullName": "POST /api/v1/food/entries service errors propagates AppError status from service",
          "status": "passed",
          "title": "propagates AppError status from service",
          "duration": 1.8027999999999906,
          "failureMessages": [],
          "meta": {},
          "tags": []
        },
        {
          "ancestorTitles": ["GET /api/v1/food/entries", "valid requests"],
          "fullName": "GET /api/v1/food/entries valid requests returns 200 with entries and totals when no date provided",
          "status": "passed",
          "title": "returns 200 with entries and totals when no date provided",
          "duration": 3.3770999999999844,
          "failureMessages": [],
          "meta": {},
          "tags": []
        },
        {
          "ancestorTitles": ["GET /api/v1/food/entries", "valid requests"],
          "fullName": "GET /api/v1/food/entries valid requests returns 200 when a valid date is provided",
          "status": "passed",
          "title": "returns 200 when a valid date is provided",
          "duration": 2.059100000000001,
          "failureMessages": [],
          "meta": {},
          "tags": []
        },
        {
          "ancestorTitles": ["GET /api/v1/food/entries", "valid requests"],
          "fullName": "GET /api/v1/food/entries valid requests calls getFoodEntries with userId and date when provided",
          "status": "passed",
          "title": "calls getFoodEntries with userId and date when provided",
          "duration": 1.6942000000000235,
          "failureMessages": [],
          "meta": {},
          "tags": []
        },
        {
          "ancestorTitles": ["GET /api/v1/food/entries", "valid requests"],
          "fullName": "GET /api/v1/food/entries valid requests calls getFoodEntries with userId and no date when omitted",
          "status": "passed",
          "title": "calls getFoodEntries with userId and no date when omitted",
          "duration": 1.936300000000017,
          "failureMessages": [],
          "meta": {},
          "tags": []
        },
        {
          "ancestorTitles": ["GET /api/v1/food/entries", "validation failures"],
          "fullName": "GET /api/v1/food/entries validation failures returns 400 when date format is invalid",
          "status": "passed",
          "title": "returns 400 when date format is invalid",
          "duration": 1.7223999999999933,
          "failureMessages": [],
          "meta": {},
          "tags": []
        },
        {
          "ancestorTitles": ["GET /api/v1/food/entries", "validation failures"],
          "fullName": "GET /api/v1/food/entries validation failures returns 400 when date is in wrong format (MM/DD/YYYY)",
          "status": "passed",
          "title": "returns 400 when date is in wrong format (MM/DD/YYYY)",
          "duration": 1.5493999999999915,
          "failureMessages": [],
          "meta": {},
          "tags": []
        },
        {
          "ancestorTitles": ["GET /api/v1/food/entries", "service errors"],
          "fullName": "GET /api/v1/food/entries service errors returns 500 when getFoodEntries throws an untyped error",
          "status": "passed",
          "title": "returns 500 when getFoodEntries throws an untyped error",
          "duration": 2.074299999999994,
          "failureMessages": [],
          "meta": {},
          "tags": []
        },
        {
          "ancestorTitles": ["GET /api/v1/food/entries", "service errors"],
          "fullName": "GET /api/v1/food/entries service errors propagates AppError status from service",
          "status": "passed",
          "title": "propagates AppError status from service",
          "duration": 1.7490999999999985,
          "failureMessages": [],
          "meta": {},
          "tags": []
        }
      ],
      "startTime": 1781821414031,
      "endTime": 1781821414104.749,
      "status": "passed",
      "message": "",
      "name": "C:/Users/Nitiw/Projects/health_manager/backend/src/features/food/__tests__/food.controller.test.ts"
    }
  ]
}
